-------------------------------------------------------------------------------
Test set: com.tao.user.service.UserServiceApplicationTests
-------------------------------------------------------------------------------
Tests run: 1, Failures: 0, Errors: 1, Skipped: 0, Time elapsed: 0.37 s <<< FAILURE! - in com.tao.user.service.UserServiceApplicationTests
initializationError(com.tao.user.service.UserServiceApplicationTests)  Time elapsed: 0.005 s  <<< ERROR!
java.lang.IllegalStateException: Unable to find a @SpringBootConfiguration, you need to use @ContextConfiguration or @SpringBootTest(classes=...) with your test

